2025-08-08T18:04:20.732+08:00  INFO 26296 --- [main] com.example.SpringbootApplication        : Starting SpringbootApplication using Java 20.0.1 with PID 26296 (C:\Users\lenovo\Desktop\牧瞳\AIoT-herdeye\herdeye_springboot\springboot\target\classes started by lenovo in C:\Users\lenovo\Desktop\牧瞳\AIoT-herdeye\herdeye_springboot\springboot)
2025-08-08T18:04:20.741+08:00 DEBUG 26296 --- [main] com.example.SpringbootApplication        : Running with Spring Boot v3.3.2, Spring v6.1.11
2025-08-08T18:04:20.745+08:00  INFO 26296 --- [main] com.example.SpringbootApplication        : No active profile set, falling back to 1 default profile: "default"
2025-08-08T18:04:28.338+08:00  INFO 26296 --- [main] o.s.b.w.embedded.tomcat.TomcatWebServer  : Tomcat initialized with port 9090 (http)
2025-08-08T18:04:28.369+08:00  INFO 26296 --- [main] o.apache.catalina.core.StandardService   : Starting service [Tomcat]
2025-08-08T18:04:28.370+08:00  INFO 26296 --- [main] o.apache.catalina.core.StandardEngine    : Starting Servlet engine: [Apache Tomcat/10.1.26]
2025-08-08T18:04:28.515+08:00  INFO 26296 --- [main] o.a.c.c.C.[Tomcat].[localhost].[/]       : Initializing Spring embedded WebApplicationContext
2025-08-08T18:04:28.516+08:00  INFO 26296 --- [main] w.s.c.ServletWebServerApplicationContext : Root WebApplicationContext: initialization completed in 5380 ms
2025-08-08T18:04:31.243+08:00  INFO 26296 --- [main] o.s.b.w.embedded.tomcat.TomcatWebServer  : Tomcat started on port 9090 (http) with context path '/'
2025-08-08T18:04:31.273+08:00  INFO 26296 --- [main] com.example.SpringbootApplication        : Started SpringbootApplication in 14.297 seconds (process running for 18.719)
2025-08-08T18:04:31.285+08:00  INFO 26296 --- [scheduling-1] com.example.controller.SseController     : push: {"T": 0.00, "H": 0.00, "lng": 0.000000, "lat": 0.000000, "altitude": 0.000000, "cogt": 0.000000, "speed": 0.00, "water_level": 0, "weight": 0, "pump": 0, "motor": 0, "light": 0, "door": 0, "heat": 0, "fan": 0}
2025-08-08T18:04:36.282+08:00  INFO 26296 --- [scheduling-1] com.example.controller.SseController     : push: {"T": 0.00, "H": 0.00, "lng": 0.000000, "lat": 0.000000, "altitude": 0.000000, "cogt": 0.000000, "speed": 0.00, "water_level": 0, "weight": 0, "pump": 0, "motor": 0, "light": 0, "door": 0, "heat": 0, "fan": 0}
2025-08-08T18:04:41.277+08:00  INFO 26296 --- [scheduling-1] com.example.controller.SseController     : push: {"T": 0.00, "H": 0.00, "lng": 0.000000, "lat": 0.000000, "altitude": 0.000000, "cogt": 0.000000, "speed": 0.00, "water_level": 0, "weight": 0, "pump": 0, "motor": 0, "light": 0, "door": 0, "heat": 0, "fan": 0}
2025-08-08T18:04:46.282+08:00  INFO 26296 --- [scheduling-1] com.example.controller.SseController     : push: {"T": 0.00, "H": 0.00, "lng": 0.000000, "lat": 0.000000, "altitude": 0.000000, "cogt": 0.000000, "speed": 0.00, "water_level": 0, "weight": 0, "pump": 0, "motor": 0, "light": 0, "door": 0, "heat": 0, "fan": 0}
2025-08-08T18:04:51.273+08:00  INFO 26296 --- [scheduling-1] com.example.controller.SseController     : push: {"T": 0.00, "H": 0.00, "lng": 0.000000, "lat": 0.000000, "altitude": 0.000000, "cogt": 0.000000, "speed": 0.00, "water_level": 0, "weight": 0, "pump": 0, "motor": 0, "light": 0, "door": 0, "heat": 0, "fan": 0}
2025-08-08T18:04:56.277+08:00  INFO 26296 --- [scheduling-1] com.example.controller.SseController     : push: {"T": 0.00, "H": 0.00, "lng": 0.000000, "lat": 0.000000, "altitude": 0.000000, "cogt": 0.000000, "speed": 0.00, "water_level": 0, "weight": 0, "pump": 0, "motor": 0, "light": 0, "door": 0, "heat": 0, "fan": 0}
2025-08-08T18:05:01.277+08:00  INFO 26296 --- [scheduling-1] com.example.controller.SseController     : push: {"T": 0.00, "H": 0.00, "lng": 0.000000, "lat": 0.000000, "altitude": 0.000000, "cogt": 0.000000, "speed": 0.00, "water_level": 0, "weight": 0, "pump": 0, "motor": 0, "light": 0, "door": 0, "heat": 0, "fan": 0}
2025-08-08T18:05:06.271+08:00  INFO 26296 --- [scheduling-1] com.example.controller.SseController     : push: {"T": 0.00, "H": 0.00, "lng": 0.000000, "lat": 0.000000, "altitude": 0.000000, "cogt": 0.000000, "speed": 0.00, "water_level": 0, "weight": 0, "pump": 0, "motor": 0, "light": 0, "door": 0, "heat": 0, "fan": 0}
2025-08-08T18:05:11.272+08:00  INFO 26296 --- [scheduling-1] com.example.controller.SseController     : push: {"T": 0.00, "H": 0.00, "lng": 0.000000, "lat": 0.000000, "altitude": 0.000000, "cogt": 0.000000, "speed": 0.00, "water_level": 0, "weight": 0, "pump": 0, "motor": 0, "light": 0, "door": 0, "heat": 0, "fan": 0}
2025-08-08T18:05:16.280+08:00  INFO 26296 --- [scheduling-1] com.example.controller.SseController     : push: {"T": 0.00, "H": 0.00, "lng": 0.000000, "lat": 0.000000, "altitude": 0.000000, "cogt": 0.000000, "speed": 0.00, "water_level": 0, "weight": 0, "pump": 0, "motor": 0, "light": 0, "door": 0, "heat": 0, "fan": 0}
2025-08-08T18:05:21.272+08:00  INFO 26296 --- [scheduling-1] com.example.controller.SseController     : push: {"T": 0.00, "H": 0.00, "lng": 0.000000, "lat": 0.000000, "altitude": 0.000000, "cogt": 0.000000, "speed": 0.00, "water_level": 0, "weight": 0, "pump": 0, "motor": 0, "light": 0, "door": 0, "heat": 0, "fan": 0}
2025-08-08T18:05:26.282+08:00  INFO 26296 --- [scheduling-1] com.example.controller.SseController     : push: {"T": 0.00, "H": 0.00, "lng": 0.000000, "lat": 0.000000, "altitude": 0.000000, "cogt": 0.000000, "speed": 0.00, "water_level": 0, "weight": 0, "pump": 0, "motor": 0, "light": 0, "door": 0, "heat": 0, "fan": 0}
2025-08-08T18:05:31.279+08:00  INFO 26296 --- [scheduling-1] com.example.controller.SseController     : push: {"T": 0.00, "H": 0.00, "lng": 0.000000, "lat": 0.000000, "altitude": 0.000000, "cogt": 0.000000, "speed": 0.00, "water_level": 0, "weight": 0, "pump": 0, "motor": 0, "light": 0, "door": 0, "heat": 0, "fan": 0}
2025-08-08T18:05:36.279+08:00  INFO 26296 --- [scheduling-1] com.example.controller.SseController     : push: {"T": 0.00, "H": 0.00, "lng": 0.000000, "lat": 0.000000, "altitude": 0.000000, "cogt": 0.000000, "speed": 0.00, "water_level": 0, "weight": 0, "pump": 0, "motor": 0, "light": 0, "door": 0, "heat": 0, "fan": 0}
2025-08-08T18:05:41.280+08:00  INFO 26296 --- [scheduling-1] com.example.controller.SseController     : push: {"T": 0.00, "H": 0.00, "lng": 0.000000, "lat": 0.000000, "altitude": 0.000000, "cogt": 0.000000, "speed": 0.00, "water_level": 0, "weight": 0, "pump": 0, "motor": 0, "light": 0, "door": 0, "heat": 0, "fan": 0}
2025-08-08T18:05:46.282+08:00  INFO 26296 --- [scheduling-1] com.example.controller.SseController     : push: {"T": 0.00, "H": 0.00, "lng": 0.000000, "lat": 0.000000, "altitude": 0.000000, "cogt": 0.000000, "speed": 0.00, "water_level": 0, "weight": 0, "pump": 0, "motor": 0, "light": 0, "door": 0, "heat": 0, "fan": 0}
2025-08-08T18:05:51.270+08:00  INFO 26296 --- [scheduling-1] com.example.controller.SseController     : push: {"T": 0.00, "H": 0.00, "lng": 0.000000, "lat": 0.000000, "altitude": 0.000000, "cogt": 0.000000, "speed": 0.00, "water_level": 0, "weight": 0, "pump": 0, "motor": 0, "light": 0, "door": 0, "heat": 0, "fan": 0}
2025-08-08T18:05:56.269+08:00  INFO 26296 --- [scheduling-1] com.example.controller.SseController     : push: {"T": 0.00, "H": 0.00, "lng": 0.000000, "lat": 0.000000, "altitude": 0.000000, "cogt": 0.000000, "speed": 0.00, "water_level": 0, "weight": 0, "pump": 0, "motor": 0, "light": 0, "door": 0, "heat": 0, "fan": 0}
2025-08-08T18:06:01.278+08:00  INFO 26296 --- [scheduling-1] com.example.controller.SseController     : push: {"T": 0.00, "H": 0.00, "lng": 0.000000, "lat": 0.000000, "altitude": 0.000000, "cogt": 0.000000, "speed": 0.00, "water_level": 0, "weight": 0, "pump": 0, "motor": 0, "light": 0, "door": 0, "heat": 0, "fan": 0}
2025-08-08T18:06:06.283+08:00  INFO 26296 --- [scheduling-1] com.example.controller.SseController     : push: {"T": 0.00, "H": 0.00, "lng": 0.000000, "lat": 0.000000, "altitude": 0.000000, "cogt": 0.000000, "speed": 0.00, "water_level": 0, "weight": 0, "pump": 0, "motor": 0, "light": 0, "door": 0, "heat": 0, "fan": 0}
2025-08-08T18:06:11.281+08:00  INFO 26296 --- [scheduling-1] com.example.controller.SseController     : push: {"T": 0.00, "H": 0.00, "lng": 0.000000, "lat": 0.000000, "altitude": 0.000000, "cogt": 0.000000, "speed": 0.00, "water_level": 0, "weight": 0, "pump": 0, "motor": 0, "light": 0, "door": 0, "heat": 0, "fan": 0}
2025-08-08T18:06:16.275+08:00  INFO 26296 --- [scheduling-1] com.example.controller.SseController     : push: {"T": 0.00, "H": 0.00, "lng": 0.000000, "lat": 0.000000, "altitude": 0.000000, "cogt": 0.000000, "speed": 0.00, "water_level": 0, "weight": 0, "pump": 0, "motor": 0, "light": 0, "door": 0, "heat": 0, "fan": 0}
2025-08-08T18:06:21.282+08:00  INFO 26296 --- [scheduling-1] com.example.controller.SseController     : push: {"T": 0.00, "H": 0.00, "lng": 0.000000, "lat": 0.000000, "altitude": 0.000000, "cogt": 0.000000, "speed": 0.00, "water_level": 0, "weight": 0, "pump": 0, "motor": 0, "light": 0, "door": 0, "heat": 0, "fan": 0}
2025-08-08T18:06:26.275+08:00  INFO 26296 --- [scheduling-1] com.example.controller.SseController     : push: {"T": 0.00, "H": 0.00, "lng": 0.000000, "lat": 0.000000, "altitude": 0.000000, "cogt": 0.000000, "speed": 0.00, "water_level": 0, "weight": 0, "pump": 0, "motor": 0, "light": 0, "door": 0, "heat": 0, "fan": 0}
2025-08-08T18:06:31.283+08:00  INFO 26296 --- [scheduling-1] com.example.controller.SseController     : push: {"T": 0.00, "H": 0.00, "lng": 0.000000, "lat": 0.000000, "altitude": 0.000000, "cogt": 0.000000, "speed": 0.00, "water_level": 0, "weight": 0, "pump": 0, "motor": 0, "light": 0, "door": 0, "heat": 0, "fan": 0}
2025-08-08T18:06:36.272+08:00  INFO 26296 --- [scheduling-1] com.example.controller.SseController     : push: {"T": 0.00, "H": 0.00, "lng": 0.000000, "lat": 0.000000, "altitude": 0.000000, "cogt": 0.000000, "speed": 0.00, "water_level": 0, "weight": 0, "pump": 0, "motor": 0, "light": 0, "door": 0, "heat": 0, "fan": 0}
2025-08-08T18:06:41.272+08:00  INFO 26296 --- [scheduling-1] com.example.controller.SseController     : push: {"T": 0.00, "H": 0.00, "lng": 0.000000, "lat": 0.000000, "altitude": 0.000000, "cogt": 0.000000, "speed": 0.00, "water_level": 0, "weight": 0, "pump": 0, "motor": 0, "light": 0, "door": 0, "heat": 0, "fan": 0}
2025-08-08T18:10:23.459+08:00  INFO 37348 --- [main] com.example.SpringbootApplication        : Starting SpringbootApplication using Java 20.0.1 with PID 37348 (C:\Users\lenovo\Desktop\牧瞳\AIoT-herdeye\herdeye_springboot\springboot\target\classes started by lenovo in C:\Users\lenovo\Desktop\牧瞳\AIoT-herdeye\herdeye_springboot\springboot)
2025-08-08T18:10:23.463+08:00 DEBUG 37348 --- [main] com.example.SpringbootApplication        : Running with Spring Boot v3.3.2, Spring v6.1.11
2025-08-08T18:10:23.466+08:00  INFO 37348 --- [main] com.example.SpringbootApplication        : No active profile set, falling back to 1 default profile: "default"
2025-08-08T18:10:27.060+08:00  INFO 37348 --- [main] o.s.b.w.embedded.tomcat.TomcatWebServer  : Tomcat initialized with port 9090 (http)
2025-08-08T18:10:27.079+08:00  INFO 37348 --- [main] o.apache.catalina.core.StandardService   : Starting service [Tomcat]
2025-08-08T18:10:27.080+08:00  INFO 37348 --- [main] o.apache.catalina.core.StandardEngine    : Starting Servlet engine: [Apache Tomcat/10.1.26]
2025-08-08T18:10:27.169+08:00  INFO 37348 --- [main] o.a.c.c.C.[Tomcat].[localhost].[/]       : Initializing Spring embedded WebApplicationContext
2025-08-08T18:10:27.170+08:00  INFO 37348 --- [main] w.s.c.ServletWebServerApplicationContext : Root WebApplicationContext: initialization completed in 3008 ms
2025-08-08T18:10:28.832+08:00  INFO 37348 --- [main] o.s.b.w.embedded.tomcat.TomcatWebServer  : Tomcat started on port 9090 (http) with context path '/'
2025-08-08T18:10:28.853+08:00  INFO 37348 --- [main] com.example.SpringbootApplication        : Started SpringbootApplication in 6.628 seconds (process running for 8.937)
2025-08-08T18:10:28.862+08:00  INFO 37348 --- [scheduling-1] c.example.controller.DataPushController  : WebSocket push: {"T": 0.00, "H": 0.00, "lng": 0.000000, "lat": 0.000000, "altitude": 0.000000, "cogt": 0.000000, "speed": 0.00, "water_level": 0, "weight": 0, "pump": 0, "motor": 0, "light": 0, "door": 0, "heat": 0, "fan": 0}
2025-08-08T18:10:28.867+08:00  INFO 37348 --- [scheduling-1] com.example.controller.SseController     : push: {"T": 0.00, "H": 0.00, "lng": 0.000000, "lat": 0.000000, "altitude": 0.000000, "cogt": 0.000000, "speed": 0.00, "water_level": 0, "weight": 0, "pump": 0, "motor": 0, "light": 0, "door": 0, "heat": 0, "fan": 0}
2025-08-08T18:10:33.853+08:00  INFO 37348 --- [scheduling-1] c.example.controller.DataPushController  : WebSocket push: {"T": 0.00, "H": 0.00, "lng": 0.000000, "lat": 0.000000, "altitude": 0.000000, "cogt": 0.000000, "speed": 0.00, "water_level": 0, "weight": 0, "pump": 0, "motor": 0, "light": 0, "door": 0, "heat": 0, "fan": 0}
2025-08-08T18:10:33.853+08:00  INFO 37348 --- [scheduling-1] com.example.controller.SseController     : push: {"T": 0.00, "H": 0.00, "lng": 0.000000, "lat": 0.000000, "altitude": 0.000000, "cogt": 0.000000, "speed": 0.00, "water_level": 0, "weight": 0, "pump": 0, "motor": 0, "light": 0, "door": 0, "heat": 0, "fan": 0}
2025-08-08T18:10:38.860+08:00  INFO 37348 --- [scheduling-1] c.example.controller.DataPushController  : WebSocket push: {"T": 0.00, "H": 0.00, "lng": 0.000000, "lat": 0.000000, "altitude": 0.000000, "cogt": 0.000000, "speed": 0.00, "water_level": 0, "weight": 0, "pump": 0, "motor": 0, "light": 0, "door": 0, "heat": 0, "fan": 0}
2025-08-08T18:10:38.861+08:00  INFO 37348 --- [scheduling-1] com.example.controller.SseController     : push: {"T": 0.00, "H": 0.00, "lng": 0.000000, "lat": 0.000000, "altitude": 0.000000, "cogt": 0.000000, "speed": 0.00, "water_level": 0, "weight": 0, "pump": 0, "motor": 0, "light": 0, "door": 0, "heat": 0, "fan": 0}
2025-08-08T18:10:43.851+08:00  INFO 37348 --- [scheduling-1] c.example.controller.DataPushController  : WebSocket push: {"T": 0.00, "H": 0.00, "lng": 0.000000, "lat": 0.000000, "altitude": 0.000000, "cogt": 0.000000, "speed": 0.00, "water_level": 0, "weight": 0, "pump": 0, "motor": 0, "light": 0, "door": 0, "heat": 0, "fan": 0}
2025-08-08T18:10:43.852+08:00  INFO 37348 --- [scheduling-1] com.example.controller.SseController     : push: {"T": 0.00, "H": 0.00, "lng": 0.000000, "lat": 0.000000, "altitude": 0.000000, "cogt": 0.000000, "speed": 0.00, "water_level": 0, "weight": 0, "pump": 0, "motor": 0, "light": 0, "door": 0, "heat": 0, "fan": 0}
2025-08-08T18:10:48.862+08:00  INFO 37348 --- [scheduling-1] c.example.controller.DataPushController  : WebSocket push: {"T": 0.00, "H": 0.00, "lng": 0.000000, "lat": 0.000000, "altitude": 0.000000, "cogt": 0.000000, "speed": 0.00, "water_level": 0, "weight": 0, "pump": 0, "motor": 0, "light": 0, "door": 0, "heat": 0, "fan": 0}
2025-08-08T18:10:48.863+08:00  INFO 37348 --- [scheduling-1] com.example.controller.SseController     : push: {"T": 0.00, "H": 0.00, "lng": 0.000000, "lat": 0.000000, "altitude": 0.000000, "cogt": 0.000000, "speed": 0.00, "water_level": 0, "weight": 0, "pump": 0, "motor": 0, "light": 0, "door": 0, "heat": 0, "fan": 0}
2025-08-08T18:10:53.850+08:00  INFO 37348 --- [scheduling-1] c.example.controller.DataPushController  : WebSocket push: {"T": 0.00, "H": 0.00, "lng": 0.000000, "lat": 0.000000, "altitude": 0.000000, "cogt": 0.000000, "speed": 0.00, "water_level": 0, "weight": 0, "pump": 0, "motor": 0, "light": 0, "door": 0, "heat": 0, "fan": 0}
2025-08-08T18:10:53.850+08:00  INFO 37348 --- [scheduling-1] com.example.controller.SseController     : push: {"T": 0.00, "H": 0.00, "lng": 0.000000, "lat": 0.000000, "altitude": 0.000000, "cogt": 0.000000, "speed": 0.00, "water_level": 0, "weight": 0, "pump": 0, "motor": 0, "light": 0, "door": 0, "heat": 0, "fan": 0}
2025-08-08T18:10:58.863+08:00  INFO 37348 --- [scheduling-1] c.example.controller.DataPushController  : WebSocket push: {"T": 0.00, "H": 0.00, "lng": 0.000000, "lat": 0.000000, "altitude": 0.000000, "cogt": 0.000000, "speed": 0.00, "water_level": 0, "weight": 0, "pump": 0, "motor": 0, "light": 0, "door": 0, "heat": 0, "fan": 0}
2025-08-08T18:10:58.863+08:00  INFO 37348 --- [scheduling-1] com.example.controller.SseController     : push: {"T": 0.00, "H": 0.00, "lng": 0.000000, "lat": 0.000000, "altitude": 0.000000, "cogt": 0.000000, "speed": 0.00, "water_level": 0, "weight": 0, "pump": 0, "motor": 0, "light": 0, "door": 0, "heat": 0, "fan": 0}
2025-08-08T18:11:03.857+08:00  INFO 37348 --- [scheduling-1] c.example.controller.DataPushController  : WebSocket push: {"T": 0.00, "H": 0.00, "lng": 0.000000, "lat": 0.000000, "altitude": 0.000000, "cogt": 0.000000, "speed": 0.00, "water_level": 0, "weight": 0, "pump": 0, "motor": 0, "light": 0, "door": 0, "heat": 0, "fan": 0}
2025-08-08T18:11:03.857+08:00  INFO 37348 --- [scheduling-1] com.example.controller.SseController     : push: {"T": 0.00, "H": 0.00, "lng": 0.000000, "lat": 0.000000, "altitude": 0.000000, "cogt": 0.000000, "speed": 0.00, "water_level": 0, "weight": 0, "pump": 0, "motor": 0, "light": 0, "door": 0, "heat": 0, "fan": 0}
2025-08-08T18:11:08.852+08:00  INFO 37348 --- [scheduling-1] c.example.controller.DataPushController  : WebSocket push: {"T": 0.00, "H": 0.00, "lng": 0.000000, "lat": 0.000000, "altitude": 0.000000, "cogt": 0.000000, "speed": 0.00, "water_level": 0, "weight": 0, "pump": 0, "motor": 0, "light": 0, "door": 0, "heat": 0, "fan": 0}
2025-08-08T18:11:08.852+08:00  INFO 37348 --- [scheduling-1] com.example.controller.SseController     : push: {"T": 0.00, "H": 0.00, "lng": 0.000000, "lat": 0.000000, "altitude": 0.000000, "cogt": 0.000000, "speed": 0.00, "water_level": 0, "weight": 0, "pump": 0, "motor": 0, "light": 0, "door": 0, "heat": 0, "fan": 0}
2025-08-08T18:11:13.869+08:00  INFO 37348 --- [scheduling-1] c.example.controller.DataPushController  : WebSocket push: {"T": 0.00, "H": 0.00, "lng": 0.000000, "lat": 0.000000, "altitude": 0.000000, "cogt": 0.000000, "speed": 0.00, "water_level": 0, "weight": 0, "pump": 0, "motor": 0, "light": 0, "door": 0, "heat": 0, "fan": 0}
2025-08-08T18:11:13.871+08:00  INFO 37348 --- [scheduling-1] com.example.controller.SseController     : push: {"T": 0.00, "H": 0.00, "lng": 0.000000, "lat": 0.000000, "altitude": 0.000000, "cogt": 0.000000, "speed": 0.00, "water_level": 0, "weight": 0, "pump": 0, "motor": 0, "light": 0, "door": 0, "heat": 0, "fan": 0}
2025-08-08T18:11:18.862+08:00  INFO 37348 --- [scheduling-1] c.example.controller.DataPushController  : WebSocket push: {"T": 0.00, "H": 0.00, "lng": 0.000000, "lat": 0.000000, "altitude": 0.000000, "cogt": 0.000000, "speed": 0.00, "water_level": 0, "weight": 0, "pump": 0, "motor": 0, "light": 0, "door": 0, "heat": 0, "fan": 0}
2025-08-08T18:11:18.863+08:00  INFO 37348 --- [scheduling-1] com.example.controller.SseController     : push: {"T": 0.00, "H": 0.00, "lng": 0.000000, "lat": 0.000000, "altitude": 0.000000, "cogt": 0.000000, "speed": 0.00, "water_level": 0, "weight": 0, "pump": 0, "motor": 0, "light": 0, "door": 0, "heat": 0, "fan": 0}
2025-08-08T18:11:23.852+08:00  INFO 37348 --- [scheduling-1] c.example.controller.DataPushController  : WebSocket push: {"T": 0.00, "H": 0.00, "lng": 0.000000, "lat": 0.000000, "altitude": 0.000000, "cogt": 0.000000, "speed": 0.00, "water_level": 0, "weight": 0, "pump": 0, "motor": 0, "light": 0, "door": 0, "heat": 0, "fan": 0}
2025-08-08T18:11:23.856+08:00  INFO 37348 --- [scheduling-1] com.example.controller.SseController     : push: {"T": 0.00, "H": 0.00, "lng": 0.000000, "lat": 0.000000, "altitude": 0.000000, "cogt": 0.000000, "speed": 0.00, "water_level": 0, "weight": 0, "pump": 0, "motor": 0, "light": 0, "door": 0, "heat": 0, "fan": 0}
2025-08-08T18:11:28.860+08:00  INFO 37348 --- [scheduling-1] c.example.controller.DataPushController  : WebSocket push: {"T": 0.00, "H": 0.00, "lng": 0.000000, "lat": 0.000000, "altitude": 0.000000, "cogt": 0.000000, "speed": 0.00, "water_level": 0, "weight": 0, "pump": 0, "motor": 0, "light": 0, "door": 0, "heat": 0, "fan": 0}
2025-08-08T18:11:28.863+08:00  INFO 37348 --- [scheduling-1] com.example.controller.SseController     : push: {"T": 0.00, "H": 0.00, "lng": 0.000000, "lat": 0.000000, "altitude": 0.000000, "cogt": 0.000000, "speed": 0.00, "water_level": 0, "weight": 0, "pump": 0, "motor": 0, "light": 0, "door": 0, "heat": 0, "fan": 0}
2025-08-08T18:11:33.952+08:00  INFO 37348 --- [scheduling-1] c.example.controller.DataPushController  : WebSocket push: {"T": 0.00, "H": 0.00, "lng": 0.000000, "lat": 0.000000, "altitude": 0.000000, "cogt": 0.000000, "speed": 0.00, "water_level": 0, "weight": 0, "pump": 0, "motor": 0, "light": 0, "door": 0, "heat": 0, "fan": 0}
2025-08-08T18:11:33.954+08:00  INFO 37348 --- [scheduling-1] com.example.controller.SseController     : push: {"T": 0.00, "H": 0.00, "lng": 0.000000, "lat": 0.000000, "altitude": 0.000000, "cogt": 0.000000, "speed": 0.00, "water_level": 0, "weight": 0, "pump": 0, "motor": 0, "light": 0, "door": 0, "heat": 0, "fan": 0}
2025-08-08T18:11:38.873+08:00  INFO 37348 --- [scheduling-1] c.example.controller.DataPushController  : WebSocket push: {"T": 0.00, "H": 0.00, "lng": 0.000000, "lat": 0.000000, "altitude": 0.000000, "cogt": 0.000000, "speed": 0.00, "water_level": 0, "weight": 0, "pump": 0, "motor": 0, "light": 0, "door": 0, "heat": 0, "fan": 0}
2025-08-08T18:11:38.877+08:00  INFO 37348 --- [scheduling-1] com.example.controller.SseController     : push: {"T": 0.00, "H": 0.00, "lng": 0.000000, "lat": 0.000000, "altitude": 0.000000, "cogt": 0.000000, "speed": 0.00, "water_level": 0, "weight": 0, "pump": 0, "motor": 0, "light": 0, "door": 0, "heat": 0, "fan": 0}
2025-08-08T18:11:43.855+08:00  INFO 37348 --- [scheduling-1] c.example.controller.DataPushController  : WebSocket push: {"T": 0.00, "H": 0.00, "lng": 0.000000, "lat": 0.000000, "altitude": 0.000000, "cogt": 0.000000, "speed": 0.00, "water_level": 0, "weight": 0, "pump": 0, "motor": 0, "light": 0, "door": 0, "heat": 0, "fan": 0}
2025-08-08T18:11:43.856+08:00  INFO 37348 --- [scheduling-1] com.example.controller.SseController     : push: {"T": 0.00, "H": 0.00, "lng": 0.000000, "lat": 0.000000, "altitude": 0.000000, "cogt": 0.000000, "speed": 0.00, "water_level": 0, "weight": 0, "pump": 0, "motor": 0, "light": 0, "door": 0, "heat": 0, "fan": 0}
2025-08-08T18:11:48.854+08:00  INFO 37348 --- [scheduling-1] c.example.controller.DataPushController  : WebSocket push: {"T": 0.00, "H": 0.00, "lng": 0.000000, "lat": 0.000000, "altitude": 0.000000, "cogt": 0.000000, "speed": 0.00, "water_level": 0, "weight": 0, "pump": 0, "motor": 0, "light": 0, "door": 0, "heat": 0, "fan": 0}
2025-08-08T18:11:48.854+08:00  INFO 37348 --- [scheduling-1] com.example.controller.SseController     : push: {"T": 0.00, "H": 0.00, "lng": 0.000000, "lat": 0.000000, "altitude": 0.000000, "cogt": 0.000000, "speed": 0.00, "water_level": 0, "weight": 0, "pump": 0, "motor": 0, "light": 0, "door": 0, "heat": 0, "fan": 0}
2025-08-08T18:11:53.870+08:00  INFO 37348 --- [scheduling-1] c.example.controller.DataPushController  : WebSocket push: {"T": 0.00, "H": 0.00, "lng": 0.000000, "lat": 0.000000, "altitude": 0.000000, "cogt": 0.000000, "speed": 0.00, "water_level": 0, "weight": 0, "pump": 0, "motor": 0, "light": 0, "door": 0, "heat": 0, "fan": 0}
2025-08-08T18:11:53.874+08:00  INFO 37348 --- [scheduling-1] com.example.controller.SseController     : push: {"T": 0.00, "H": 0.00, "lng": 0.000000, "lat": 0.000000, "altitude": 0.000000, "cogt": 0.000000, "speed": 0.00, "water_level": 0, "weight": 0, "pump": 0, "motor": 0, "light": 0, "door": 0, "heat": 0, "fan": 0}
2025-08-08T18:11:58.872+08:00  INFO 37348 --- [scheduling-1] c.example.controller.DataPushController  : WebSocket push: {"T": 0.00, "H": 0.00, "lng": 0.000000, "lat": 0.000000, "altitude": 0.000000, "cogt": 0.000000, "speed": 0.00, "water_level": 0, "weight": 0, "pump": 0, "motor": 0, "light": 0, "door": 0, "heat": 0, "fan": 0}
2025-08-08T18:11:58.875+08:00  INFO 37348 --- [scheduling-1] com.example.controller.SseController     : push: {"T": 0.00, "H": 0.00, "lng": 0.000000, "lat": 0.000000, "altitude": 0.000000, "cogt": 0.000000, "speed": 0.00, "water_level": 0, "weight": 0, "pump": 0, "motor": 0, "light": 0, "door": 0, "heat": 0, "fan": 0}
2025-08-08T18:12:03.867+08:00  INFO 37348 --- [scheduling-1] c.example.controller.DataPushController  : WebSocket push: {"T": 0.00, "H": 0.00, "lng": 0.000000, "lat": 0.000000, "altitude": 0.000000, "cogt": 0.000000, "speed": 0.00, "water_level": 0, "weight": 0, "pump": 0, "motor": 0, "light": 0, "door": 0, "heat": 0, "fan": 0}
2025-08-08T18:12:03.869+08:00  INFO 37348 --- [scheduling-1] com.example.controller.SseController     : push: {"T": 0.00, "H": 0.00, "lng": 0.000000, "lat": 0.000000, "altitude": 0.000000, "cogt": 0.000000, "speed": 0.00, "water_level": 0, "weight": 0, "pump": 0, "motor": 0, "light": 0, "door": 0, "heat": 0, "fan": 0}
2025-08-08T18:12:08.859+08:00  INFO 37348 --- [scheduling-1] c.example.controller.DataPushController  : WebSocket push: {"T": 0.00, "H": 0.00, "lng": 0.000000, "lat": 0.000000, "altitude": 0.000000, "cogt": 0.000000, "speed": 0.00, "water_level": 0, "weight": 0, "pump": 0, "motor": 0, "light": 0, "door": 0, "heat": 0, "fan": 0}
2025-08-08T18:12:08.861+08:00  INFO 37348 --- [scheduling-1] com.example.controller.SseController     : push: {"T": 0.00, "H": 0.00, "lng": 0.000000, "lat": 0.000000, "altitude": 0.000000, "cogt": 0.000000, "speed": 0.00, "water_level": 0, "weight": 0, "pump": 0, "motor": 0, "light": 0, "door": 0, "heat": 0, "fan": 0}
2025-08-08T18:12:13.861+08:00  INFO 37348 --- [scheduling-1] c.example.controller.DataPushController  : WebSocket push: {"T": 0.00, "H": 0.00, "lng": 0.000000, "lat": 0.000000, "altitude": 0.000000, "cogt": 0.000000, "speed": 0.00, "water_level": 0, "weight": 0, "pump": 0, "motor": 0, "light": 0, "door": 0, "heat": 0, "fan": 0}
2025-08-08T18:12:13.862+08:00  INFO 37348 --- [scheduling-1] com.example.controller.SseController     : push: {"T": 0.00, "H": 0.00, "lng": 0.000000, "lat": 0.000000, "altitude": 0.000000, "cogt": 0.000000, "speed": 0.00, "water_level": 0, "weight": 0, "pump": 0, "motor": 0, "light": 0, "door": 0, "heat": 0, "fan": 0}
2025-08-08T18:12:18.866+08:00  INFO 37348 --- [scheduling-1] c.example.controller.DataPushController  : WebSocket push: {"T": 0.00, "H": 0.00, "lng": 0.000000, "lat": 0.000000, "altitude": 0.000000, "cogt": 0.000000, "speed": 0.00, "water_level": 0, "weight": 0, "pump": 0, "motor": 0, "light": 0, "door": 0, "heat": 0, "fan": 0}
2025-08-08T18:12:18.868+08:00  INFO 37348 --- [scheduling-1] com.example.controller.SseController     : push: {"T": 0.00, "H": 0.00, "lng": 0.000000, "lat": 0.000000, "altitude": 0.000000, "cogt": 0.000000, "speed": 0.00, "water_level": 0, "weight": 0, "pump": 0, "motor": 0, "light": 0, "door": 0, "heat": 0, "fan": 0}
2025-08-08T18:12:23.855+08:00  INFO 37348 --- [scheduling-1] c.example.controller.DataPushController  : WebSocket push: {"T": 0.00, "H": 0.00, "lng": 0.000000, "lat": 0.000000, "altitude": 0.000000, "cogt": 0.000000, "speed": 0.00, "water_level": 0, "weight": 0, "pump": 0, "motor": 0, "light": 0, "door": 0, "heat": 0, "fan": 0}
2025-08-08T18:12:23.862+08:00  INFO 37348 --- [scheduling-1] com.example.controller.SseController     : push: {"T": 0.00, "H": 0.00, "lng": 0.000000, "lat": 0.000000, "altitude": 0.000000, "cogt": 0.000000, "speed": 0.00, "water_level": 0, "weight": 0, "pump": 0, "motor": 0, "light": 0, "door": 0, "heat": 0, "fan": 0}
2025-08-08T18:12:28.859+08:00  INFO 37348 --- [scheduling-1] c.example.controller.DataPushController  : WebSocket push: {"T": 0.00, "H": 0.00, "lng": 0.000000, "lat": 0.000000, "altitude": 0.000000, "cogt": 0.000000, "speed": 0.00, "water_level": 0, "weight": 0, "pump": 0, "motor": 0, "light": 0, "door": 0, "heat": 0, "fan": 0}
2025-08-08T18:12:28.860+08:00  INFO 37348 --- [scheduling-1] com.example.controller.SseController     : push: {"T": 0.00, "H": 0.00, "lng": 0.000000, "lat": 0.000000, "altitude": 0.000000, "cogt": 0.000000, "speed": 0.00, "water_level": 0, "weight": 0, "pump": 0, "motor": 0, "light": 0, "door": 0, "heat": 0, "fan": 0}
2025-08-08T18:12:33.868+08:00  INFO 37348 --- [scheduling-1] c.example.controller.DataPushController  : WebSocket push: {"T": 0.00, "H": 0.00, "lng": 0.000000, "lat": 0.000000, "altitude": 0.000000, "cogt": 0.000000, "speed": 0.00, "water_level": 0, "weight": 0, "pump": 0, "motor": 0, "light": 0, "door": 0, "heat": 0, "fan": 0}
2025-08-08T18:12:33.868+08:00  INFO 37348 --- [scheduling-1] com.example.controller.SseController     : push: {"T": 0.00, "H": 0.00, "lng": 0.000000, "lat": 0.000000, "altitude": 0.000000, "cogt": 0.000000, "speed": 0.00, "water_level": 0, "weight": 0, "pump": 0, "motor": 0, "light": 0, "door": 0, "heat": 0, "fan": 0}
2025-08-08T18:12:38.863+08:00  INFO 37348 --- [scheduling-1] c.example.controller.DataPushController  : WebSocket push: {"T": 0.00, "H": 0.00, "lng": 0.000000, "lat": 0.000000, "altitude": 0.000000, "cogt": 0.000000, "speed": 0.00, "water_level": 0, "weight": 0, "pump": 0, "motor": 0, "light": 0, "door": 0, "heat": 0, "fan": 0}
2025-08-08T18:12:38.863+08:00  INFO 37348 --- [scheduling-1] com.example.controller.SseController     : push: {"T": 0.00, "H": 0.00, "lng": 0.000000, "lat": 0.000000, "altitude": 0.000000, "cogt": 0.000000, "speed": 0.00, "water_level": 0, "weight": 0, "pump": 0, "motor": 0, "light": 0, "door": 0, "heat": 0, "fan": 0}
2025-08-08T18:12:43.862+08:00  INFO 37348 --- [scheduling-1] c.example.controller.DataPushController  : WebSocket push: {"T": 0.00, "H": 0.00, "lng": 0.000000, "lat": 0.000000, "altitude": 0.000000, "cogt": 0.000000, "speed": 0.00, "water_level": 0, "weight": 0, "pump": 0, "motor": 0, "light": 0, "door": 0, "heat": 0, "fan": 0}
2025-08-08T18:12:43.862+08:00  INFO 37348 --- [scheduling-1] com.example.controller.SseController     : push: {"T": 0.00, "H": 0.00, "lng": 0.000000, "lat": 0.000000, "altitude": 0.000000, "cogt": 0.000000, "speed": 0.00, "water_level": 0, "weight": 0, "pump": 0, "motor": 0, "light": 0, "door": 0, "heat": 0, "fan": 0}
2025-08-08T18:12:48.852+08:00  INFO 37348 --- [scheduling-1] c.example.controller.DataPushController  : WebSocket push: {"T": 0.00, "H": 0.00, "lng": 0.000000, "lat": 0.000000, "altitude": 0.000000, "cogt": 0.000000, "speed": 0.00, "water_level": 0, "weight": 0, "pump": 0, "motor": 0, "light": 0, "door": 0, "heat": 0, "fan": 0}
2025-08-08T18:12:48.852+08:00  INFO 37348 --- [scheduling-1] com.example.controller.SseController     : push: {"T": 0.00, "H": 0.00, "lng": 0.000000, "lat": 0.000000, "altitude": 0.000000, "cogt": 0.000000, "speed": 0.00, "water_level": 0, "weight": 0, "pump": 0, "motor": 0, "light": 0, "door": 0, "heat": 0, "fan": 0}
2025-08-08T18:12:53.862+08:00  INFO 37348 --- [scheduling-1] c.example.controller.DataPushController  : WebSocket push: {"T": 0.00, "H": 0.00, "lng": 0.000000, "lat": 0.000000, "altitude": 0.000000, "cogt": 0.000000, "speed": 0.00, "water_level": 0, "weight": 0, "pump": 0, "motor": 0, "light": 0, "door": 0, "heat": 0, "fan": 0}
2025-08-08T18:12:53.862+08:00  INFO 37348 --- [scheduling-1] com.example.controller.SseController     : push: {"T": 0.00, "H": 0.00, "lng": 0.000000, "lat": 0.000000, "altitude": 0.000000, "cogt": 0.000000, "speed": 0.00, "water_level": 0, "weight": 0, "pump": 0, "motor": 0, "light": 0, "door": 0, "heat": 0, "fan": 0}
2025-08-08T18:12:58.865+08:00  INFO 37348 --- [scheduling-1] c.example.controller.DataPushController  : WebSocket push: {"T": 0.00, "H": 0.00, "lng": 0.000000, "lat": 0.000000, "altitude": 0.000000, "cogt": 0.000000, "speed": 0.00, "water_level": 0, "weight": 0, "pump": 0, "motor": 0, "light": 0, "door": 0, "heat": 0, "fan": 0}
2025-08-08T18:12:58.865+08:00  INFO 37348 --- [scheduling-1] com.example.controller.SseController     : push: {"T": 0.00, "H": 0.00, "lng": 0.000000, "lat": 0.000000, "altitude": 0.000000, "cogt": 0.000000, "speed": 0.00, "water_level": 0, "weight": 0, "pump": 0, "motor": 0, "light": 0, "door": 0, "heat": 0, "fan": 0}
2025-08-08T18:13:03.861+08:00  INFO 37348 --- [scheduling-1] c.example.controller.DataPushController  : WebSocket push: {"T": 0.00, "H": 0.00, "lng": 0.000000, "lat": 0.000000, "altitude": 0.000000, "cogt": 0.000000, "speed": 0.00, "water_level": 0, "weight": 0, "pump": 0, "motor": 0, "light": 0, "door": 0, "heat": 0, "fan": 0}
2025-08-08T18:13:03.861+08:00  INFO 37348 --- [scheduling-1] com.example.controller.SseController     : push: {"T": 0.00, "H": 0.00, "lng": 0.000000, "lat": 0.000000, "altitude": 0.000000, "cogt": 0.000000, "speed": 0.00, "water_level": 0, "weight": 0, "pump": 0, "motor": 0, "light": 0, "door": 0, "heat": 0, "fan": 0}
2025-08-08T18:13:08.850+08:00  INFO 37348 --- [scheduling-1] c.example.controller.DataPushController  : WebSocket push: {"T": 0.00, "H": 0.00, "lng": 0.000000, "lat": 0.000000, "altitude": 0.000000, "cogt": 0.000000, "speed": 0.00, "water_level": 0, "weight": 0, "pump": 0, "motor": 0, "light": 0, "door": 0, "heat": 0, "fan": 0}
2025-08-08T18:13:08.851+08:00  INFO 37348 --- [scheduling-1] com.example.controller.SseController     : push: {"T": 0.00, "H": 0.00, "lng": 0.000000, "lat": 0.000000, "altitude": 0.000000, "cogt": 0.000000, "speed": 0.00, "water_level": 0, "weight": 0, "pump": 0, "motor": 0, "light": 0, "door": 0, "heat": 0, "fan": 0}
2025-08-08T18:13:13.858+08:00  INFO 37348 --- [scheduling-1] c.example.controller.DataPushController  : WebSocket push: {"T": 0.00, "H": 0.00, "lng": 0.000000, "lat": 0.000000, "altitude": 0.000000, "cogt": 0.000000, "speed": 0.00, "water_level": 0, "weight": 0, "pump": 0, "motor": 0, "light": 0, "door": 0, "heat": 0, "fan": 0}
2025-08-08T18:13:13.859+08:00  INFO 37348 --- [scheduling-1] com.example.controller.SseController     : push: {"T": 0.00, "H": 0.00, "lng": 0.000000, "lat": 0.000000, "altitude": 0.000000, "cogt": 0.000000, "speed": 0.00, "water_level": 0, "weight": 0, "pump": 0, "motor": 0, "light": 0, "door": 0, "heat": 0, "fan": 0}
2025-08-08T18:13:18.865+08:00  INFO 37348 --- [scheduling-1] c.example.controller.DataPushController  : WebSocket push: {"T": 0.00, "H": 0.00, "lng": 0.000000, "lat": 0.000000, "altitude": 0.000000, "cogt": 0.000000, "speed": 0.00, "water_level": 0, "weight": 0, "pump": 0, "motor": 0, "light": 0, "door": 0, "heat": 0, "fan": 0}
2025-08-08T18:13:18.865+08:00  INFO 37348 --- [scheduling-1] com.example.controller.SseController     : push: {"T": 0.00, "H": 0.00, "lng": 0.000000, "lat": 0.000000, "altitude": 0.000000, "cogt": 0.000000, "speed": 0.00, "water_level": 0, "weight": 0, "pump": 0, "motor": 0, "light": 0, "door": 0, "heat": 0, "fan": 0}
2025-08-08T18:13:23.857+08:00  INFO 37348 --- [scheduling-1] c.example.controller.DataPushController  : WebSocket push: {"T": 0.00, "H": 0.00, "lng": 0.000000, "lat": 0.000000, "altitude": 0.000000, "cogt": 0.000000, "speed": 0.00, "water_level": 0, "weight": 0, "pump": 0, "motor": 0, "light": 0, "door": 0, "heat": 0, "fan": 0}
2025-08-08T18:13:23.859+08:00  INFO 37348 --- [scheduling-1] com.example.controller.SseController     : push: {"T": 0.00, "H": 0.00, "lng": 0.000000, "lat": 0.000000, "altitude": 0.000000, "cogt": 0.000000, "speed": 0.00, "water_level": 0, "weight": 0, "pump": 0, "motor": 0, "light": 0, "door": 0, "heat": 0, "fan": 0}
2025-08-08T18:13:28.860+08:00  INFO 37348 --- [scheduling-1] c.example.controller.DataPushController  : WebSocket push: {"T": 0.00, "H": 0.00, "lng": 0.000000, "lat": 0.000000, "altitude": 0.000000, "cogt": 0.000000, "speed": 0.00, "water_level": 0, "weight": 0, "pump": 0, "motor": 0, "light": 0, "door": 0, "heat": 0, "fan": 0}
2025-08-08T18:13:28.861+08:00  INFO 37348 --- [scheduling-1] com.example.controller.SseController     : push: {"T": 0.00, "H": 0.00, "lng": 0.000000, "lat": 0.000000, "altitude": 0.000000, "cogt": 0.000000, "speed": 0.00, "water_level": 0, "weight": 0, "pump": 0, "motor": 0, "light": 0, "door": 0, "heat": 0, "fan": 0}
2025-08-08T18:13:31.232+08:00  INFO 37348 --- [http-nio-9090-exec-1] o.a.c.c.C.[Tomcat].[localhost].[/]       : Initializing Spring DispatcherServlet 'dispatcherServlet'
2025-08-08T18:13:31.233+08:00  INFO 37348 --- [http-nio-9090-exec-1] o.s.web.servlet.DispatcherServlet        : Initializing Servlet 'dispatcherServlet'
2025-08-08T18:13:31.236+08:00  INFO 37348 --- [http-nio-9090-exec-1] o.s.web.servlet.DispatcherServlet        : Completed initialization in 2 ms
2025-08-08T18:13:31.406+08:00  INFO 37348 --- [http-nio-9090-exec-1] c.e.controller.DataWebSocketHandler      : New WebSocket connection established: 100649db-2227-7ee7-b77e-98aed3921720
2025-08-08T18:13:33.857+08:00  INFO 37348 --- [scheduling-1] c.example.controller.DataPushController  : WebSocket push: {"T": 0.00, "H": 0.00, "lng": 0.000000, "lat": 0.000000, "altitude": 0.000000, "cogt": 0.000000, "speed": 0.00, "water_level": 0, "weight": 0, "pump": 0, "motor": 0, "light": 0, "door": 0, "heat": 0, "fan": 0}
2025-08-08T18:13:33.889+08:00  INFO 37348 --- [scheduling-1] com.example.controller.SseController     : push: {"T": 0.00, "H": 0.00, "lng": 0.000000, "lat": 0.000000, "altitude": 0.000000, "cogt": 0.000000, "speed": 0.00, "water_level": 0, "weight": 0, "pump": 0, "motor": 0, "light": 0, "door": 0, "heat": 0, "fan": 0}
2025-08-08T18:13:38.860+08:00  INFO 37348 --- [scheduling-1] c.example.controller.DataPushController  : WebSocket push: {"T": 0.00, "H": 0.00, "lng": 0.000000, "lat": 0.000000, "altitude": 0.000000, "cogt": 0.000000, "speed": 0.00, "water_level": 0, "weight": 0, "pump": 0, "motor": 0, "light": 0, "door": 0, "heat": 0, "fan": 0}
2025-08-08T18:13:38.861+08:00  INFO 37348 --- [scheduling-1] com.example.controller.SseController     : push: {"T": 0.00, "H": 0.00, "lng": 0.000000, "lat": 0.000000, "altitude": 0.000000, "cogt": 0.000000, "speed": 0.00, "water_level": 0, "weight": 0, "pump": 0, "motor": 0, "light": 0, "door": 0, "heat": 0, "fan": 0}
2025-08-08T18:13:43.860+08:00  INFO 37348 --- [scheduling-1] c.example.controller.DataPushController  : WebSocket push: {"T": 0.00, "H": 0.00, "lng": 0.000000, "lat": 0.000000, "altitude": 0.000000, "cogt": 0.000000, "speed": 0.00, "water_level": 0, "weight": 0, "pump": 0, "motor": 0, "light": 0, "door": 0, "heat": 0, "fan": 0}
2025-08-08T18:13:43.862+08:00  INFO 37348 --- [scheduling-1] com.example.controller.SseController     : push: {"T": 0.00, "H": 0.00, "lng": 0.000000, "lat": 0.000000, "altitude": 0.000000, "cogt": 0.000000, "speed": 0.00, "water_level": 0, "weight": 0, "pump": 0, "motor": 0, "light": 0, "door": 0, "heat": 0, "fan": 0}
2025-08-08T18:13:48.864+08:00  INFO 37348 --- [scheduling-1] c.example.controller.DataPushController  : WebSocket push: {"T": 0.00, "H": 0.00, "lng": 0.000000, "lat": 0.000000, "altitude": 0.000000, "cogt": 0.000000, "speed": 0.00, "water_level": 0, "weight": 0, "pump": 0, "motor": 0, "light": 0, "door": 0, "heat": 0, "fan": 0}
2025-08-08T18:13:48.865+08:00  INFO 37348 --- [scheduling-1] com.example.controller.SseController     : push: {"T": 0.00, "H": 0.00, "lng": 0.000000, "lat": 0.000000, "altitude": 0.000000, "cogt": 0.000000, "speed": 0.00, "water_level": 0, "weight": 0, "pump": 0, "motor": 0, "light": 0, "door": 0, "heat": 0, "fan": 0}
2025-08-08T18:13:53.852+08:00  INFO 37348 --- [scheduling-1] c.example.controller.DataPushController  : WebSocket push: {"T": 0.00, "H": 0.00, "lng": 0.000000, "lat": 0.000000, "altitude": 0.000000, "cogt": 0.000000, "speed": 0.00, "water_level": 0, "weight": 0, "pump": 0, "motor": 0, "light": 0, "door": 0, "heat": 0, "fan": 0}
2025-08-08T18:13:53.857+08:00  INFO 37348 --- [scheduling-1] com.example.controller.SseController     : push: {"T": 0.00, "H": 0.00, "lng": 0.000000, "lat": 0.000000, "altitude": 0.000000, "cogt": 0.000000, "speed": 0.00, "water_level": 0, "weight": 0, "pump": 0, "motor": 0, "light": 0, "door": 0, "heat": 0, "fan": 0}
2025-08-08T18:13:58.864+08:00  INFO 37348 --- [scheduling-1] c.example.controller.DataPushController  : WebSocket push: {"T": 0.00, "H": 0.00, "lng": 0.000000, "lat": 0.000000, "altitude": 0.000000, "cogt": 0.000000, "speed": 0.00, "water_level": 0, "weight": 0, "pump": 0, "motor": 0, "light": 0, "door": 0, "heat": 0, "fan": 0}
2025-08-08T18:13:58.868+08:00  INFO 37348 --- [scheduling-1] com.example.controller.SseController     : push: {"T": 0.00, "H": 0.00, "lng": 0.000000, "lat": 0.000000, "altitude": 0.000000, "cogt": 0.000000, "speed": 0.00, "water_level": 0, "weight": 0, "pump": 0, "motor": 0, "light": 0, "door": 0, "heat": 0, "fan": 0}
2025-08-08T18:14:02.799+08:00  INFO 37348 --- [SpringApplicationShutdownHook] c.e.controller.DataWebSocketHandler      : WebSocket connection closed: 100649db-2227-7ee7-b77e-98aed3921720
